0 info it worked if it ends with ok
1 verbose cli [ '/usr/bin/node', '/usr/bin/npm', 'install', 'chartjs' ]
2 info using npm@1.4.28
3 info using node@v0.10.33
4 verbose node symlink /usr/bin/node
5 warn package.json node-authentication@ No repository field.
6 warn package.json http@0.0.0 http is also the name of a node core module.
7 warn package.json http@0.0.0 No description
8 warn package.json http@0.0.0 No repository field.
9 warn package.json http@0.0.0 No README data
10 warn package.json multipart@0.1.5 No repository field.
11 warn package.json multipart@0.1.5 No README data
12 verbose readDependencies using package.json deps
13 verbose cache add [ 'chartjs', null ]
14 verbose cache add name=undefined spec="chartjs" args=["chartjs",null]
15 verbose parsed url { protocol: null,
15 verbose parsed url   slashes: null,
15 verbose parsed url   auth: null,
15 verbose parsed url   host: null,
15 verbose parsed url   port: null,
15 verbose parsed url   hostname: null,
15 verbose parsed url   hash: null,
15 verbose parsed url   search: null,
15 verbose parsed url   query: null,
15 verbose parsed url   pathname: 'chartjs',
15 verbose parsed url   path: 'chartjs',
15 verbose parsed url   href: 'chartjs' }
16 silly lockFile 72724107-chartjs chartjs
17 verbose lock chartjs /home/caelum/.npm/72724107-chartjs.lock
18 silly lockFile 72724107-chartjs chartjs
19 silly lockFile 72724107-chartjs chartjs
20 verbose addNamed [ 'chartjs', '' ]
21 verbose addNamed [ null, '*' ]
22 silly lockFile 91685b43-chartjs chartjs@
23 verbose lock chartjs@ /home/caelum/.npm/91685b43-chartjs.lock
24 silly addNameRange { name: 'chartjs', range: '*', hasData: false }
25 verbose request where is /chartjs
26 verbose request registry https://registry.npmjs.org/
27 verbose request id 86f27d2dfb0ae1a6
28 verbose url raw /chartjs
29 verbose url resolving [ 'https://registry.npmjs.org/', './chartjs' ]
30 verbose url resolved https://registry.npmjs.org/chartjs
31 verbose request where is https://registry.npmjs.org/chartjs
32 info trying registry request attempt 1 at 23:37:39
33 http GET https://registry.npmjs.org/chartjs
34 http 404 https://registry.npmjs.org/chartjs
35 verbose headers { date: 'Tue, 09 Dec 2014 22:37:39 GMT',
35 verbose headers   server: 'CouchDB/1.5.0 (Erlang OTP/R16B03)',
35 verbose headers   'content-type': 'application/json',
35 verbose headers   'cache-control': 'max-age=0',
35 verbose headers   'content-length': '52',
35 verbose headers   'accept-ranges': 'bytes',
35 verbose headers   via: '1.1 varnish',
35 verbose headers   age: '0',
35 verbose headers   'x-served-by': 'cache-fra1220-FRA',
35 verbose headers   'x-cache': 'MISS',
35 verbose headers   'x-cache-hits': '0',
35 verbose headers   'x-timer': 'S1418164659.367355,VS0,VE430',
35 verbose headers   'keep-alive': 'timeout=10, max=50',
35 verbose headers   connection: 'Keep-Alive' }
36 silly registry.get cb [ 404,
36 silly registry.get   { date: 'Tue, 09 Dec 2014 22:37:39 GMT',
36 silly registry.get     server: 'CouchDB/1.5.0 (Erlang OTP/R16B03)',
36 silly registry.get     'content-type': 'application/json',
36 silly registry.get     'cache-control': 'max-age=0',
36 silly registry.get     'content-length': '52',
36 silly registry.get     'accept-ranges': 'bytes',
36 silly registry.get     via: '1.1 varnish',
36 silly registry.get     age: '0',
36 silly registry.get     'x-served-by': 'cache-fra1220-FRA',
36 silly registry.get     'x-cache': 'MISS',
36 silly registry.get     'x-cache-hits': '0',
36 silly registry.get     'x-timer': 'S1418164659.367355,VS0,VE430',
36 silly registry.get     'keep-alive': 'timeout=10, max=50',
36 silly registry.get     connection: 'Keep-Alive' } ]
37 silly lockFile 91685b43-chartjs chartjs@
38 silly lockFile 91685b43-chartjs chartjs@
39 error 404 404 Not Found: chartjs
39 error 404
39 error 404 'chartjs' is not in the npm registry.
39 error 404 You should bug the author to publish it
39 error 404 It was specified as a dependency of 'node-authentication'
39 error 404
39 error 404 Note that you can also install from a
39 error 404 tarball, folder, or http url, or git url.
40 error System Linux 3.13.0-40-generic
41 error command "/usr/bin/node" "/usr/bin/npm" "install" "chartjs"
42 error cwd /home/caelum/WWW/modus
43 error node -v v0.10.33
44 error npm -v 1.4.28
45 error code E404
46 verbose exit [ 1, true ]
